<?xml version="1.0" encoding="UTF-8"?>
<!-- Generated by org.testng.reporters.JUnitXMLReporter -->
<testsuite ignored="0" hostname="DESKTOP-EJEFS1L" failures="1" tests="1" name="Default test" time="46.139" errors="0" timestamp="2025-03-10T16:30:33 IST">
  <testcase classname="io.cucumber.testng.AbstractTestNGCucumberTests" name="runScenario" time="45.399">
    <failure type="java.lang.AssertionError" message="expected [Aniket Singh] but found [test user benakba 1fakhreddine]">
      <![CDATA[java.lang.AssertionError: expected [Aniket Singh] but found [test user benakba 1fakhreddine]
at org.testng.Assert.fail(Assert.java:111)
at org.testng.Assert.failNotEquals(Assert.java:1578)
at org.testng.Assert.assertEqualsImpl(Assert.java:150)
at org.testng.Assert.assertEquals(Assert.java:132)
at org.testng.Assert.assertEquals(Assert.java:656)
at org.testng.Assert.assertEquals(Assert.java:666)
at Pages.Page2.getUser(Page2.java:25)
at StepDefnition.Sample2.user_verifies_the_username(Sample2.java:30)
at âœ½.user verifies the username(file:///C:/Users/SAI%20%20KATIKI/eclipse-workspace/PageFactoryProject/src/test/resources/Feature/sample3.feature:8)
]]>
    </failure>
  </testcase> <!-- runScenario -->
</testsuite> <!-- Default test -->
